<?xml version="1.0" encoding="UTF-8"?>
<coverage generated="1779644711993" clover="3.2.0">
  <project timestamp="1779644711993" name="All files">
    <metrics statements="235" coveredstatements="214" conditionals="196" coveredconditionals="141" methods="42" coveredmethods="41" elements="473" coveredelements="396" complexity="0" loc="235" ncloc="235" packages="4" files="8" classes="8"/>
    <package name="db.models">
      <metrics statements="6" coveredstatements="6" conditionals="0" coveredconditionals="0" methods="0" coveredmethods="0"/>
      <file name="Transaction.ts" path="C:\Users\rushd\Downloads\ele\src\db\models\Transaction.ts">
        <metrics statements="6" coveredstatements="6" conditionals="0" coveredconditionals="0" methods="0" coveredmethods="0"/>
        <line num="1" count="1" type="stmt"/>
        <line num="23" count="1" type="stmt"/>
        <line num="29" count="1" type="stmt"/>
        <line num="43" count="1" type="stmt"/>
        <line num="44" count="1" type="stmt"/>
        <line num="46" count="1" type="stmt"/>
      </file>
    </package>
    <package name="ingest">
      <metrics statements="64" coveredstatements="63" conditionals="56" coveredconditionals="41" methods="15" coveredmethods="15"/>
      <file name="csvParser.ts" path="C:\Users\rushd\Downloads\ele\src\ingest\csvParser.ts">
        <metrics statements="7" coveredstatements="7" conditionals="16" coveredconditionals="8" methods="2" coveredmethods="2"/>
        <line num="1" count="2" type="stmt"/>
        <line num="2" count="2" type="stmt"/>
        <line num="5" count="2" type="stmt"/>
        <line num="6" count="22" type="stmt"/>
        <line num="7" count="22" type="stmt"/>
        <line num="15" count="22" type="stmt"/>
        <line num="16" count="564" type="stmt"/>
      </file>
      <file name="index.ts" path="C:\Users\rushd\Downloads\ele\src\ingest\index.ts">
        <metrics statements="30" coveredstatements="29" conditionals="20" coveredconditionals="13" methods="9" coveredmethods="9"/>
        <line num="1" count="1" type="stmt"/>
        <line num="2" count="1" type="stmt"/>
        <line num="3" count="1" type="stmt"/>
        <line num="7" count="1071" type="cond" truecount="3" falsecount="0"/>
        <line num="8" count="1029" type="stmt"/>
        <line num="9" count="1029" type="cond" truecount="1" falsecount="1"/>
        <line num="13" count="357" type="cond" truecount="2" falsecount="1"/>
        <line num="14" count="357" type="stmt"/>
        <line num="15" count="357" type="cond" truecount="2" falsecount="0"/>
        <line num="19" count="357" type="stmt"/>
        <line num="34" count="357" type="cond" truecount="1" falsecount="0"/>
        <line num="35" count="35" type="stmt"/>
        <line num="36" count="28" type="cond" truecount="1" falsecount="1"/>
        <line num="37" count="28" type="stmt"/>
        <line num="40" count="1" type="stmt"/>
        <line num="41" count="14" type="stmt"/>
        <line num="42" count="14" type="stmt"/>
        <line num="44" count="14" type="stmt"/>
        <line num="45" count="357" type="stmt"/>
        <line num="46" count="357" type="stmt"/>
        <line num="47" count="357" type="stmt"/>
        <line num="50" count="357" type="stmt"/>
        <line num="63" count="14" type="stmt"/>
        <line num="64" count="14" type="stmt"/>
        <line num="66" count="0" type="cond" truecount="0" falsecount="1"/>
        <line num="69" count="14" type="stmt"/>
        <line num="72" count="1" type="stmt"/>
        <line num="76" count="7" type="stmt"/>
        <line num="77" count="7" type="stmt"/>
        <line num="78" count="7" type="stmt"/>
      </file>
      <file name="qualityChecker.ts" path="C:\Users\rushd\Downloads\ele\src\ingest\qualityChecker.ts">
        <metrics statements="27" coveredstatements="27" conditionals="20" coveredconditionals="20" methods="4" coveredmethods="4"/>
        <line num="3" count="2" type="stmt"/>
        <line num="6" count="368" type="stmt"/>
        <line num="7" count="368" type="cond" truecount="2" falsecount="0"/>
        <line num="10" count="2" type="stmt"/>
        <line num="11" count="369" type="stmt"/>
        <line num="13" count="369" type="cond" truecount="4" falsecount="0"/>
        <line num="14" count="1" type="stmt"/>
        <line num="15" count="368" type="cond" truecount="1" falsecount="0"/>
        <line num="16" count="15" type="stmt"/>
        <line num="19" count="369" type="cond" truecount="4" falsecount="0"/>
        <line num="20" count="8" type="stmt"/>
        <line num="21" count="361" type="cond" truecount="1" falsecount="0"/>
        <line num="22" count="1" type="stmt"/>
        <line num="25" count="369" type="cond" truecount="4" falsecount="0"/>
        <line num="26" count="1" type="stmt"/>
        <line num="28" count="368" type="stmt"/>
        <line num="29" count="368" type="cond" truecount="2" falsecount="0"/>
        <line num="30" count="1" type="stmt"/>
        <line num="31" count="367" type="cond" truecount="1" falsecount="0"/>
        <line num="32" count="9" type="stmt"/>
        <line num="36" count="369" type="cond" truecount="1" falsecount="0"/>
        <line num="37" count="9" type="stmt"/>
        <line num="39" count="369" type="stmt"/>
        <line num="41" count="369" type="stmt"/>
        <line num="44" count="2" type="stmt"/>
        <line num="45" count="15" type="stmt"/>
        <line num="46" count="359" type="stmt"/>
      </file>
    </package>
    <package name="matching">
      <metrics statements="147" coveredstatements="127" conditionals="133" coveredconditionals="93" methods="18" coveredmethods="17"/>
      <file name="comparator.ts" path="C:\Users\rushd\Downloads\ele\src\matching\comparator.ts">
        <metrics statements="28" coveredstatements="28" conditionals="25" coveredconditionals="23" methods="5" coveredmethods="5"/>
        <line num="3" count="3" type="stmt"/>
        <line num="8" count="2179" type="cond" truecount="3" falsecount="0"/>
        <line num="9" count="1812" type="stmt"/>
        <line num="10" count="1812" type="stmt"/>
        <line num="13" count="3" type="stmt"/>
        <line num="18" count="254" type="cond" truecount="3" falsecount="0"/>
        <line num="19" count="251" type="cond" truecount="3" falsecount="0"/>
        <line num="20" count="250" type="stmt"/>
        <line num="21" count="250" type="cond" truecount="0" falsecount="1"/>
        <line num="22" count="250" type="stmt"/>
        <line num="23" count="250" type="stmt"/>
        <line num="26" count="3" type="stmt"/>
        <line num="27" count="9" type="stmt"/>
        <line num="28" count="9" type="cond" truecount="0" falsecount="1"/>
        <line num="29" count="9" type="stmt"/>
        <line num="32" count="3" type="stmt"/>
        <line num="37" count="220" type="cond" truecount="3" falsecount="0"/>
        <line num="38" count="218" type="cond" truecount="1" falsecount="0"/>
        <line num="39" count="48" type="stmt"/>
        <line num="40" count="48" type="cond" truecount="2" falsecount="0"/>
        <line num="43" count="3" type="stmt"/>
        <line num="48" count="197" type="cond" truecount="3" falsecount="0"/>
        <line num="49" count="195" type="stmt"/>
        <line num="50" count="195" type="stmt"/>
        <line num="51" count="195" type="cond" truecount="1" falsecount="0"/>
        <line num="52" count="29" type="cond" truecount="2" falsecount="0"/>
        <line num="53" count="29" type="cond" truecount="2" falsecount="0"/>
        <line num="54" count="29" type="stmt"/>
      </file>
      <file name="engine.ts" path="C:\Users\rushd\Downloads\ele\src\matching\engine.ts">
        <metrics statements="117" coveredstatements="97" conditionals="108" coveredconditionals="70" methods="13" coveredmethods="12"/>
        <line num="2" count="2" type="stmt"/>
        <line num="3" count="2" type="stmt"/>
        <line num="13" count="2" type="stmt"/>
        <line num="19" count="2" type="stmt"/>
        <line num="29" count="2" type="stmt"/>
        <line num="35" count="2157" type="stmt"/>
        <line num="36" count="2157" type="stmt"/>
        <line num="37" count="2157" type="cond" truecount="2" falsecount="0"/>
        <line num="38" count="2157" type="cond" truecount="2" falsecount="0"/>
        <line num="40" count="2157" type="stmt"/>
        <line num="55" count="8" type="stmt"/>
        <line num="70" count="8" type="stmt"/>
        <line num="71" count="8" type="cond" truecount="0" falsecount="1"/>
        <line num="72" count="0" type="cond" truecount="0" falsecount="4"/>
        <line num="74" count="8" type="cond" truecount="0" falsecount="1"/>
        <line num="75" count="0" type="cond" truecount="0" falsecount="4"/>
        <line num="77" count="8" type="cond" truecount="3" falsecount="1"/>
        <line num="78" count="8" type="stmt"/>
        <line num="79" count="8" type="cond" truecount="0" falsecount="1"/>
        <line num="80" count="0" type="stmt"/>
        <line num="83" count="0" type="stmt"/>
        <line num="85" count="8" type="cond" truecount="3" falsecount="1"/>
        <line num="86" count="8" type="stmt"/>
        <line num="87" count="8" type="cond" truecount="1" falsecount="0"/>
        <line num="88" count="8" type="stmt"/>
        <line num="91" count="0" type="stmt"/>
        <line num="93" count="8" type="stmt"/>
        <line num="97" count="157" type="cond" truecount="1" falsecount="0"/>
        <line num="98" count="125" type="stmt"/>
        <line num="100" count="32" type="stmt"/>
        <line num="101" count="32" type="cond" truecount="3" falsecount="2"/>
        <line num="102" count="23" type="stmt"/>
        <line num="104" count="32" type="cond" truecount="3" falsecount="2"/>
        <line num="105" count="9" type="stmt"/>
        <line num="107" count="32" type="cond" truecount="1" falsecount="1"/>
        <line num="111" count="8" type="cond" truecount="0" falsecount="1"/>
        <line num="112" count="8" type="stmt"/>
        <line num="116" count="436" type="cond" truecount="3" falsecount="0"/>
        <line num="117" count="369" type="stmt"/>
        <line num="118" count="369" type="stmt"/>
        <line num="120" count="0" type="stmt"/>
        <line num="130" count="218" type="stmt"/>
        <line num="150" count="2" type="stmt"/>
        <line num="155" count="16" type="stmt"/>
        <line num="157" count="195" type="stmt"/>
        <line num="158" count="188" type="stmt"/>
        <line num="160" count="16" type="stmt"/>
        <line num="161" count="16" type="stmt"/>
        <line num="163" count="16" type="stmt"/>
        <line num="164" count="16" type="stmt"/>
        <line num="165" count="188" type="cond" truecount="0" falsecount="1"/>
        <line num="166" count="188" type="cond" truecount="2" falsecount="0"/>
        <line num="167" count="188" type="stmt"/>
        <line num="168" count="188" type="stmt"/>
        <line num="171" count="16" type="stmt"/>
        <line num="172" count="195" type="cond" truecount="0" falsecount="1"/>
        <line num="173" count="195" type="stmt"/>
        <line num="174" count="195" type="cond" truecount="0" falsecount="1"/>
        <line num="175" count="195" type="stmt"/>
        <line num="176" count="195" type="cond" truecount="2" falsecount="1"/>
        <line num="177" count="0" type="stmt"/>
        <line num="178" count="0" type="cond" truecount="0" falsecount="1"/>
        <line num="179" count="0" type="stmt"/>
        <line num="180" count="0" type="cond" truecount="0" falsecount="1"/>
        <line num="182" count="0" type="stmt"/>
        <line num="183" count="0" type="stmt"/>
        <line num="184" count="0" type="stmt"/>
        <line num="185" count="0" type="cond" truecount="0" falsecount="2"/>
        <line num="186" count="0" type="stmt"/>
        <line num="188" count="0" type="stmt"/>
        <line num="189" count="0" type="stmt"/>
        <line num="191" count="0" type="stmt"/>
        <line num="192" count="0" type="stmt"/>
        <line num="195" count="16" type="stmt"/>
        <line num="196" count="48" type="stmt"/>
        <line num="197" count="585" type="cond" truecount="1" falsecount="0"/>
        <line num="198" count="312" type="stmt"/>
        <line num="199" count="312" type="cond" truecount="0" falsecount="1"/>
        <line num="201" count="312" type="stmt"/>
        <line num="202" count="5266" type="cond" truecount="1" falsecount="0"/>
        <line num="203" count="1981" type="stmt"/>
        <line num="204" count="1981" type="cond" truecount="0" falsecount="1"/>
        <line num="206" count="1981" type="cond" truecount="1" falsecount="0"/>
        <line num="207" count="157" type="stmt"/>
        <line num="208" count="157" type="stmt"/>
        <line num="209" count="157" type="stmt"/>
        <line num="210" count="157" type="stmt"/>
        <line num="211" count="157" type="stmt"/>
        <line num="217" count="16" type="stmt"/>
        <line num="218" count="32" type="cond" truecount="1" falsecount="1"/>
        <line num="219" count="32" type="cond" truecount="1" falsecount="1"/>
        <line num="220" count="32" type="stmt"/>
        <line num="221" count="390" type="cond" truecount="1" falsecount="0"/>
        <line num="222" count="68" type="stmt"/>
        <line num="223" count="68" type="cond" truecount="0" falsecount="1"/>
        <line num="225" count="68" type="stmt"/>
        <line num="226" count="1487" type="cond" truecount="1" falsecount="0"/>
        <line num="227" count="176" type="stmt"/>
        <line num="228" count="176" type="cond" truecount="0" falsecount="1"/>
        <line num="230" count="176" type="cond" truecount="1" falsecount="0"/>
        <line num="231" count="8" type="cond" truecount="0" falsecount="1"/>
        <line num="232" count="0" type="stmt"/>
        <line num="234" count="8" type="stmt"/>
        <line num="235" count="8" type="stmt"/>
        <line num="236" count="8" type="stmt"/>
        <line num="237" count="8" type="stmt"/>
        <line num="238" count="8" type="stmt"/>
        <line num="244" count="16" type="stmt"/>
        <line num="245" count="195" type="cond" truecount="1" falsecount="0"/>
        <line num="246" count="30" type="stmt"/>
        <line num="247" count="36" type="cond" truecount="4" falsecount="0"/>
        <line num="250" count="30" type="stmt"/>
        <line num="253" count="16" type="stmt"/>
        <line num="254" count="188" type="cond" truecount="1" falsecount="0"/>
        <line num="255" count="23" type="stmt"/>
        <line num="256" count="23" type="stmt"/>
        <line num="259" count="16" type="stmt"/>
      </file>
      <file name="typeMappings.ts" path="C:\Users\rushd\Downloads\ele\src\matching\typeMappings.ts">
        <metrics statements="2" coveredstatements="2" conditionals="0" coveredconditionals="0" methods="0" coveredmethods="0"/>
        <line num="3" count="3" type="stmt"/>
        <line num="8" count="3" type="stmt"/>
      </file>
    </package>
    <package name="report">
      <metrics statements="18" coveredstatements="18" conditionals="7" coveredconditionals="7" methods="9" coveredmethods="9"/>
      <file name="generator.ts" path="C:\Users\rushd\Downloads\ele\src\report\generator.ts">
        <metrics statements="18" coveredstatements="18" conditionals="7" coveredconditionals="7" methods="9" coveredmethods="9"/>
        <line num="3" count="1" type="stmt"/>
        <line num="15" count="48" type="cond" truecount="3" falsecount="0"/>
        <line num="16" count="32" type="stmt"/>
        <line num="17" count="32" type="cond" truecount="4" falsecount="0"/>
        <line num="18" count="1" type="stmt"/>
        <line num="20" count="31" type="stmt"/>
        <line num="42" count="1" type="stmt"/>
        <line num="43" count="4" type="stmt"/>
        <line num="44" count="4" type="stmt"/>
        <line num="63" count="4" type="stmt"/>
        <line num="66" count="1" type="stmt"/>
        <line num="67" count="1" type="stmt"/>
        <line num="68" count="5" type="stmt"/>
        <line num="69" count="5" type="stmt"/>
        <line num="70" count="5" type="stmt"/>
        <line num="71" count="5" type="stmt"/>
        <line num="75" count="1" type="stmt"/>
        <line num="93" count="8" type="stmt"/>
      </file>
    </package>
  </project>
</coverage>
