{"C:\\Users\\rushd\\Downloads\\ele\\src\\db\\models\\Transaction.ts": {"path":"C:\\Users\\rushd\\Downloads\\ele\\src\\db\\models\\Transaction.ts","statementMap":{"0":{"start":{"line":1,"column":0},"end":{"line":1,"column":53}},"1":{"start":{"line":25,"column":26},"end":{"line":29,"column":18}},"2":{"start":{"line":31,"column":26},"end":{"line":45,"column":2}},"3":{"start":{"line":47,"column":0},"end":{"line":47,"column":null}},"4":{"start":{"line":48,"column":0},"end":{"line":48,"column":null}},"5":{"start":{"line":49,"column":0},"end":{"line":49,"column":null}},"6":{"start":{"line":51,"column":13},"end":{"line":51,"column":null}}},"fnMap":{},"branchMap":{},"s":{"0":1,"1":1,"2":1,"3":1,"4":1,"5":1,"6":1},"f":{},"b":{}}
,"C:\\Users\\rushd\\Downloads\\ele\\src\\ingest\\csvParser.ts": {"path":"C:\\Users\\rushd\\Downloads\\ele\\src\\ingest\\csvParser.ts","statementMap":{"0":{"start":{"line":5,"column":0},"end":{"line":5,"column":16}},"1":{"start":{"line":1,"column":0},"end":{"line":1,"column":24}},"2":{"start":{"line":2,"column":0},"end":{"line":2,"column":38}},"3":{"start":{"line":6,"column":18},"end":{"line":6,"column":52}},"4":{"start":{"line":7,"column":44},"end":{"line":13,"column":4}},"5":{"start":{"line":15,"column":2},"end":{"line":30,"column":null}},"6":{"start":{"line":16,"column":4},"end":{"line":29,"column":null}}},"fnMap":{"0":{"name":"parseCsv","decl":{"start":{"line":5,"column":16},"end":{"line":5,"column":24}},"loc":{"start":{"line":5,"column":57},"end":{"line":31,"column":1}}},"1":{"name":"(anonymous_10)","decl":{"start":{"line":15,"column":21},"end":{"line":15,"column":22}},"loc":{"start":{"line":15,"column":35},"end":{"line":30,"column":3}}}},"branchMap":{"0":{"loc":{"start":{"line":17,"column":21},"end":{"line":17,"column":50}},"type":"binary-expr","locations":[{"start":{"line":17,"column":21},"end":{"line":17,"column":42}},{"start":{"line":17,"column":46},"end":{"line":17,"column":50}}]},"1":{"loc":{"start":{"line":18,"column":17},"end":{"line":18,"column":41}},"type":"binary-expr","locations":[{"start":{"line":18,"column":17},"end":{"line":18,"column":33}},{"start":{"line":18,"column":37},"end":{"line":18,"column":41}}]},"2":{"loc":{"start":{"line":19,"column":12},"end":{"line":19,"column":31}},"type":"binary-expr","locations":[{"start":{"line":19,"column":12},"end":{"line":19,"column":23}},{"start":{"line":19,"column":27},"end":{"line":19,"column":31}}]},"3":{"loc":{"start":{"line":20,"column":13},"end":{"line":20,"column":33}},"type":"binary-expr","locations":[{"start":{"line":20,"column":13},"end":{"line":20,"column":25}},{"start":{"line":20,"column":29},"end":{"line":20,"column":33}}]},"4":{"loc":{"start":{"line":21,"column":16},"end":{"line":21,"column":39}},"type":"binary-expr","locations":[{"start":{"line":21,"column":16},"end":{"line":21,"column":31}},{"start":{"line":21,"column":35},"end":{"line":21,"column":39}}]},"5":{"loc":{"start":{"line":22,"column":16},"end":{"line":22,"column":40}},"type":"binary-expr","locations":[{"start":{"line":22,"column":16},"end":{"line":22,"column":32}},{"start":{"line":22,"column":36},"end":{"line":22,"column":40}}]},"6":{"loc":{"start":{"line":23,"column":11},"end":{"line":23,"column":29}},"type":"binary-expr","locations":[{"start":{"line":23,"column":11},"end":{"line":23,"column":21}},{"start":{"line":23,"column":25},"end":{"line":23,"column":29}}]},"7":{"loc":{"start":{"line":24,"column":12},"end":{"line":24,"column":31}},"type":"binary-expr","locations":[{"start":{"line":24,"column":12},"end":{"line":24,"column":23}},{"start":{"line":24,"column":27},"end":{"line":24,"column":31}}]}},"s":{"0":2,"1":2,"2":2,"3":22,"4":22,"5":22,"6":564},"f":{"0":22,"1":564},"b":{"0":[564,0],"1":[564,0],"2":[564,0],"3":[564,0],"4":[564,0],"5":[564,0],"6":[564,0],"7":[564,0]}}
,"C:\\Users\\rushd\\Downloads\\ele\\src\\ingest\\index.ts": {"path":"C:\\Users\\rushd\\Downloads\\ele\\src\\ingest\\index.ts","statementMap":{"0":{"start":{"line":41,"column":0},"end":{"line":41,"column":7}},"1":{"start":{"line":71,"column":0},"end":{"line":71,"column":7}},"2":{"start":{"line":1,"column":0},"end":{"line":1,"column":38}},"3":{"start":{"line":2,"column":0},"end":{"line":2,"column":50}},"4":{"start":{"line":3,"column":0},"end":{"line":3,"column":54}},"5":{"start":{"line":7,"column":2},"end":{"line":7,"column":null}},"6":{"start":{"line":7,"column":38},"end":{"line":7,"column":null}},"7":{"start":{"line":8,"column":12},"end":{"line":8,"column":29}},"8":{"start":{"line":9,"column":2},"end":{"line":9,"column":null}},"9":{"start":{"line":13,"column":2},"end":{"line":13,"column":null}},"10":{"start":{"line":13,"column":38},"end":{"line":13,"column":null}},"11":{"start":{"line":14,"column":12},"end":{"line":14,"column":27}},"12":{"start":{"line":15,"column":2},"end":{"line":15,"column":null}},"13":{"start":{"line":19,"column":2},"end":{"line":31,"column":null}},"14":{"start":{"line":35,"column":2},"end":{"line":35,"column":32}},"15":{"start":{"line":35,"column":26},"end":{"line":35,"column":32}},"16":{"start":{"line":36,"column":17},"end":{"line":36,"column":76}},"17":{"start":{"line":36,"column":35},"end":{"line":36,"column":64}},"18":{"start":{"line":37,"column":13},"end":{"line":37,"column":48}},"19":{"start":{"line":38,"column":2},"end":{"line":38,"column":null}},"20":{"start":{"line":42,"column":18},"end":{"line":42,"column":44}},"21":{"start":{"line":43,"column":22},"end":{"line":43,"column":46}},"22":{"start":{"line":45,"column":42},"end":{"line":49,"column":4}},"23":{"start":{"line":46,"column":4},"end":{"line":46,"column":null}},"24":{"start":{"line":47,"column":4},"end":{"line":47,"column":null}},"25":{"start":{"line":48,"column":4},"end":{"line":48,"column":null}},"26":{"start":{"line":51,"column":15},"end":{"line":64,"column":5}},"27":{"start":{"line":51,"column":40},"end":{"line":64,"column":4}},"28":{"start":{"line":66,"column":2},"end":{"line":66,"column":null}},"29":{"start":{"line":68,"column":2},"end":{"line":68,"column":null}},"30":{"start":{"line":75,"column":19},"end":{"line":75,"column":55}},"31":{"start":{"line":76,"column":23},"end":{"line":76,"column":67}},"32":{"start":{"line":77,"column":2},"end":{"line":77,"column":null}}},"fnMap":{"0":{"name":"parseValue","decl":{"start":{"line":6,"column":9},"end":{"line":6,"column":19}},"loc":{"start":{"line":6,"column":40},"end":{"line":10,"column":1}}},"1":{"name":"parseTimestamp","decl":{"start":{"line":12,"column":9},"end":{"line":12,"column":23}},"loc":{"start":{"line":12,"column":44},"end":{"line":16,"column":1}}},"2":{"name":"toParsed","decl":{"start":{"line":18,"column":9},"end":{"line":18,"column":17}},"loc":{"start":{"line":18,"column":37},"end":{"line":32,"column":1}}},"3":{"name":"logQualityIssues","decl":{"start":{"line":34,"column":9},"end":{"line":34,"column":25}},"loc":{"start":{"line":34,"column":67},"end":{"line":39,"column":1}}},"4":{"name":"(anonymous_4)","decl":{"start":{"line":36,"column":27},"end":{"line":36,"column":31}},"loc":{"start":{"line":36,"column":35},"end":{"line":36,"column":64}}},"5":{"name":"ingestCsv","decl":{"start":{"line":41,"column":22},"end":{"line":41,"column":31}},"loc":{"start":{"line":41,"column":77},"end":{"line":69,"column":1}}},"6":{"name":"(anonymous_6)","decl":{"start":{"line":45,"column":54},"end":{"line":45,"column":55}},"loc":{"start":{"line":45,"column":65},"end":{"line":49,"column":3}}},"7":{"name":"(anonymous_7)","decl":{"start":{"line":51,"column":27},"end":{"line":51,"column":28}},"loc":{"start":{"line":51,"column":40},"end":{"line":64,"column":4}}},"8":{"name":"ingestAll","decl":{"start":{"line":71,"column":22},"end":{"line":71,"column":31}},"loc":{"start":{"line":71,"column":76},"end":{"line":78,"column":1}}}},"branchMap":{"0":{"loc":{"start":{"line":7,"column":2},"end":{"line":7,"column":null}},"type":"if","locations":[{"start":{"line":7,"column":2},"end":{"line":7,"column":null}}]},"1":{"loc":{"start":{"line":7,"column":6},"end":{"line":7,"column":36}},"type":"binary-expr","locations":[{"start":{"line":7,"column":6},"end":{"line":7,"column":20}},{"start":{"line":7,"column":24},"end":{"line":7,"column":36}}]},"2":{"loc":{"start":{"line":9,"column":9},"end":{"line":9,"column":28}},"type":"cond-expr","locations":[{"start":{"line":9,"column":20},"end":{"line":9,"column":24}},{"start":{"line":9,"column":27},"end":{"line":9,"column":28}}]},"3":{"loc":{"start":{"line":13,"column":2},"end":{"line":13,"column":null}},"type":"if","locations":[{"start":{"line":13,"column":2},"end":{"line":13,"column":null}}]},"4":{"loc":{"start":{"line":13,"column":6},"end":{"line":13,"column":36}},"type":"binary-expr","locations":[{"start":{"line":13,"column":6},"end":{"line":13,"column":20}},{"start":{"line":13,"column":24},"end":{"line":13,"column":36}}]},"5":{"loc":{"start":{"line":15,"column":9},"end":{"line":15,"column":38}},"type":"cond-expr","locations":[{"start":{"line":15,"column":30},"end":{"line":15,"column":34}},{"start":{"line":15,"column":37},"end":{"line":15,"column":38}}]},"6":{"loc":{"start":{"line":22,"column":11},"end":{"line":22,"column":57}},"type":"binary-expr","locations":[{"start":{"line":22,"column":11},"end":{"line":22,"column":49}},{"start":{"line":22,"column":53},"end":{"line":22,"column":57}}]},"7":{"loc":{"start":{"line":23,"column":11},"end":{"line":23,"column":28}},"type":"binary-expr","locations":[{"start":{"line":23,"column":11},"end":{"line":23,"column":20}},{"start":{"line":23,"column":24},"end":{"line":23,"column":28}}]},"8":{"loc":{"start":{"line":27,"column":10},"end":{"line":27,"column":26}},"type":"binary-expr","locations":[{"start":{"line":27,"column":10},"end":{"line":27,"column":18}},{"start":{"line":27,"column":22},"end":{"line":27,"column":26}}]},"9":{"loc":{"start":{"line":35,"column":2},"end":{"line":35,"column":32}},"type":"if","locations":[{"start":{"line":35,"column":2},"end":{"line":35,"column":32}}]},"10":{"loc":{"start":{"line":37,"column":13},"end":{"line":37,"column":48}},"type":"binary-expr","locations":[{"start":{"line":37,"column":13},"end":{"line":37,"column":30}},{"start":{"line":37,"column":34},"end":{"line":37,"column":48}}]}},"s":{"0":1,"1":1,"2":1,"3":1,"4":1,"5":1071,"6":42,"7":1029,"8":1029,"9":357,"10":0,"11":357,"12":357,"13":357,"14":357,"15":329,"16":28,"17":35,"18":28,"19":28,"20":14,"21":14,"22":14,"23":357,"24":357,"25":357,"26":14,"27":357,"28":14,"29":14,"30":7,"31":7,"32":7},"f":{"0":1071,"1":357,"2":357,"3":357,"4":35,"5":14,"6":357,"7":357,"8":7},"b":{"0":[42],"1":[1071,1071],"2":[0,1029],"3":[0],"4":[357,357],"5":[14,343],"6":[357,0],"7":[357,0],"8":[357,0],"9":[329],"10":[28,0]}}
,"C:\\Users\\rushd\\Downloads\\ele\\src\\ingest\\qualityChecker.ts": {"path":"C:\\Users\\rushd\\Downloads\\ele\\src\\ingest\\qualityChecker.ts","statementMap":{"0":{"start":{"line":10,"column":0},"end":{"line":10,"column":16}},"1":{"start":{"line":50,"column":0},"end":{"line":50,"column":16}},"2":{"start":{"line":3,"column":20},"end":{"line":3,"column":75}},"3":{"start":{"line":6,"column":12},"end":{"line":6,"column":27}},"4":{"start":{"line":7,"column":2},"end":{"line":7,"column":null}},"5":{"start":{"line":11,"column":31},"end":{"line":11,"column":33}},"6":{"start":{"line":13,"column":2},"end":{"line":17,"column":3}},"7":{"start":{"line":14,"column":4},"end":{"line":14,"column":null}},"8":{"start":{"line":15,"column":9},"end":{"line":17,"column":3}},"9":{"start":{"line":16,"column":4},"end":{"line":16,"column":null}},"10":{"start":{"line":19,"column":2},"end":{"line":23,"column":3}},"11":{"start":{"line":20,"column":4},"end":{"line":20,"column":null}},"12":{"start":{"line":21,"column":9},"end":{"line":23,"column":3}},"13":{"start":{"line":22,"column":4},"end":{"line":22,"column":null}},"14":{"start":{"line":25,"column":2},"end":{"line":34,"column":3}},"15":{"start":{"line":26,"column":4},"end":{"line":26,"column":null}},"16":{"start":{"line":28,"column":16},"end":{"line":28,"column":40}},"17":{"start":{"line":29,"column":4},"end":{"line":33,"column":5}},"18":{"start":{"line":30,"column":6},"end":{"line":30,"column":null}},"19":{"start":{"line":31,"column":11},"end":{"line":33,"column":5}},"20":{"start":{"line":32,"column":6},"end":{"line":32,"column":null}},"21":{"start":{"line":36,"column":2},"end":{"line":38,"column":3}},"22":{"start":{"line":37,"column":4},"end":{"line":37,"column":null}},"23":{"start":{"line":40,"column":2},"end":{"line":42,"column":3}},"24":{"start":{"line":41,"column":4},"end":{"line":41,"column":null}},"25":{"start":{"line":43,"column":2},"end":{"line":45,"column":3}},"26":{"start":{"line":44,"column":4},"end":{"line":44,"column":null}},"27":{"start":{"line":47,"column":2},"end":{"line":47,"column":null}},"28":{"start":{"line":51,"column":18},"end":{"line":51,"column":35}},"29":{"start":{"line":52,"column":2},"end":{"line":52,"column":null}},"30":{"start":{"line":52,"column":25},"end":{"line":52,"column":51}}},"fnMap":{"0":{"name":"isIso8601","decl":{"start":{"line":5,"column":9},"end":{"line":5,"column":18}},"loc":{"start":{"line":5,"column":32},"end":{"line":8,"column":1}}},"1":{"name":"checkQuality","decl":{"start":{"line":10,"column":16},"end":{"line":10,"column":28}},"loc":{"start":{"line":10,"column":70},"end":{"line":48,"column":1}}},"2":{"name":"checkAllQuality","decl":{"start":{"line":50,"column":16},"end":{"line":50,"column":31}},"loc":{"start":{"line":50,"column":54},"end":{"line":53,"column":1}}},"3":{"name":"(anonymous_3)","decl":{"start":{"line":52,"column":18},"end":{"line":52,"column":21}},"loc":{"start":{"line":52,"column":25},"end":{"line":52,"column":51}}}},"branchMap":{"0":{"loc":{"start":{"line":7,"column":9},"end":{"line":7,"column":51}},"type":"binary-expr","locations":[{"start":{"line":7,"column":9},"end":{"line":7,"column":28}},{"start":{"line":7,"column":32},"end":{"line":7,"column":51}}]},"1":{"loc":{"start":{"line":13,"column":2},"end":{"line":17,"column":3}},"type":"if","locations":[{"start":{"line":13,"column":2},"end":{"line":17,"column":3}},{"start":{"line":15,"column":9},"end":{"line":17,"column":3}}]},"2":{"loc":{"start":{"line":13,"column":6},"end":{"line":13,"column":52}},"type":"binary-expr","locations":[{"start":{"line":13,"column":6},"end":{"line":13,"column":28}},{"start":{"line":13,"column":32},"end":{"line":13,"column":52}}]},"3":{"loc":{"start":{"line":15,"column":9},"end":{"line":17,"column":3}},"type":"if","locations":[{"start":{"line":15,"column":9},"end":{"line":17,"column":3}}]},"4":{"loc":{"start":{"line":19,"column":2},"end":{"line":23,"column":3}},"type":"if","locations":[{"start":{"line":19,"column":2},"end":{"line":23,"column":3}},{"start":{"line":21,"column":9},"end":{"line":23,"column":3}}]},"5":{"loc":{"start":{"line":19,"column":6},"end":{"line":19,"column":42}},"type":"binary-expr","locations":[{"start":{"line":19,"column":6},"end":{"line":19,"column":23}},{"start":{"line":19,"column":27},"end":{"line":19,"column":42}}]},"6":{"loc":{"start":{"line":21,"column":9},"end":{"line":23,"column":3}},"type":"if","locations":[{"start":{"line":21,"column":9},"end":{"line":23,"column":3}}]},"7":{"loc":{"start":{"line":25,"column":2},"end":{"line":34,"column":3}},"type":"if","locations":[{"start":{"line":25,"column":2},"end":{"line":34,"column":3}},{"start":{"line":27,"column":9},"end":{"line":34,"column":3}}]},"8":{"loc":{"start":{"line":25,"column":6},"end":{"line":25,"column":50}},"type":"binary-expr","locations":[{"start":{"line":25,"column":6},"end":{"line":25,"column":27}},{"start":{"line":25,"column":31},"end":{"line":25,"column":50}}]},"9":{"loc":{"start":{"line":29,"column":4},"end":{"line":33,"column":5}},"type":"if","locations":[{"start":{"line":29,"column":4},"end":{"line":33,"column":5}},{"start":{"line":31,"column":11},"end":{"line":33,"column":5}}]},"10":{"loc":{"start":{"line":31,"column":11},"end":{"line":33,"column":5}},"type":"if","locations":[{"start":{"line":31,"column":11},"end":{"line":33,"column":5}}]},"11":{"loc":{"start":{"line":36,"column":2},"end":{"line":38,"column":3}},"type":"if","locations":[{"start":{"line":36,"column":2},"end":{"line":38,"column":3}}]},"12":{"loc":{"start":{"line":40,"column":2},"end":{"line":42,"column":3}},"type":"if","locations":[{"start":{"line":40,"column":2},"end":{"line":42,"column":3}}]},"13":{"loc":{"start":{"line":40,"column":6},"end":{"line":40,"column":57}},"type":"binary-expr","locations":[{"start":{"line":40,"column":6},"end":{"line":40,"column":23}},{"start":{"line":40,"column":27},"end":{"line":40,"column":57}}]},"14":{"loc":{"start":{"line":43,"column":2},"end":{"line":45,"column":3}},"type":"if","locations":[{"start":{"line":43,"column":2},"end":{"line":45,"column":3}}]}},"s":{"0":2,"1":2,"2":2,"3":368,"4":368,"5":369,"6":369,"7":1,"8":368,"9":15,"10":369,"11":8,"12":361,"13":1,"14":369,"15":1,"16":368,"17":368,"18":1,"19":367,"20":9,"21":369,"22":0,"23":369,"24":9,"25":369,"26":369,"27":369,"28":15,"29":15,"30":359},"f":{"0":368,"1":369,"2":15,"3":359},"b":{"0":[368,353],"1":[1,368],"2":[369,368],"3":[15],"4":[8,361],"5":[369,369],"6":[1],"7":[1,368],"8":[369,368],"9":[1,367],"10":[9],"11":[0],"12":[9],"13":[369,369],"14":[369]}}
,"C:\\Users\\rushd\\Downloads\\ele\\src\\matching\\comparator.ts": {"path":"C:\\Users\\rushd\\Downloads\\ele\\src\\matching\\comparator.ts","statementMap":{"0":{"start":{"line":3,"column":0},"end":{"line":3,"column":16}},"1":{"start":{"line":13,"column":0},"end":{"line":13,"column":16}},"2":{"start":{"line":26,"column":0},"end":{"line":26,"column":16}},"3":{"start":{"line":32,"column":0},"end":{"line":32,"column":16}},"4":{"start":{"line":43,"column":0},"end":{"line":43,"column":16}},"5":{"start":{"line":8,"column":2},"end":{"line":8,"column":null}},"6":{"start":{"line":8,"column":36},"end":{"line":8,"column":null}},"7":{"start":{"line":9,"column":15},"end":{"line":9,"column":54}},"8":{"start":{"line":10,"column":2},"end":{"line":10,"column":null}},"9":{"start":{"line":18,"column":2},"end":{"line":18,"column":null}},"10":{"start":{"line":18,"column":34},"end":{"line":18,"column":null}},"11":{"start":{"line":19,"column":2},"end":{"line":19,"column":null}},"12":{"start":{"line":19,"column":28},"end":{"line":19,"column":null}},"13":{"start":{"line":20,"column":15},"end":{"line":20,"column":48}},"14":{"start":{"line":21,"column":2},"end":{"line":21,"column":null}},"15":{"start":{"line":21,"column":18},"end":{"line":21,"column":null}},"16":{"start":{"line":22,"column":18},"end":{"line":22,"column":50}},"17":{"start":{"line":23,"column":2},"end":{"line":23,"column":null}},"18":{"start":{"line":27,"column":15},"end":{"line":27,"column":48}},"19":{"start":{"line":28,"column":2},"end":{"line":28,"column":null}},"20":{"start":{"line":28,"column":18},"end":{"line":28,"column":null}},"21":{"start":{"line":29,"column":2},"end":{"line":29,"column":null}},"22":{"start":{"line":37,"column":2},"end":{"line":37,"column":null}},"23":{"start":{"line":37,"column":34},"end":{"line":37,"column":null}},"24":{"start":{"line":38,"column":2},"end":{"line":38,"column":null}},"25":{"start":{"line":38,"column":45},"end":{"line":38,"column":null}},"26":{"start":{"line":39,"column":17},"end":{"line":39,"column":47}},"27":{"start":{"line":40,"column":2},"end":{"line":40,"column":null}},"28":{"start":{"line":48,"column":2},"end":{"line":48,"column":null}},"29":{"start":{"line":48,"column":34},"end":{"line":48,"column":null}},"30":{"start":{"line":49,"column":16},"end":{"line":49,"column":32}},"31":{"start":{"line":50,"column":16},"end":{"line":50,"column":32}},"32":{"start":{"line":51,"column":2},"end":{"line":51,"column":null}},"33":{"start":{"line":51,"column":23},"end":{"line":51,"column":null}},"34":{"start":{"line":52,"column":20},"end":{"line":52,"column":70}},"35":{"start":{"line":53,"column":20},"end":{"line":53,"column":70}},"36":{"start":{"line":54,"column":2},"end":{"line":54,"column":null}}},"fnMap":{"0":{"name":"timestampsWithin","decl":{"start":{"line":3,"column":16},"end":{"line":3,"column":32}},"loc":{"start":{"line":6,"column":26},"end":{"line":11,"column":1}}},"1":{"name":"quantitiesWithin","decl":{"start":{"line":13,"column":16},"end":{"line":13,"column":32}},"loc":{"start":{"line":16,"column":22},"end":{"line":24,"column":1}}},"2":{"name":"quantityDiffPct","decl":{"start":{"line":26,"column":16},"end":{"line":26,"column":31}},"loc":{"start":{"line":26,"column":54},"end":{"line":30,"column":1}}},"3":{"name":"typesMatch","decl":{"start":{"line":32,"column":16},"end":{"line":32,"column":26}},"loc":{"start":{"line":35,"column":27},"end":{"line":41,"column":1}}},"4":{"name":"assetsMatch","decl":{"start":{"line":43,"column":16},"end":{"line":43,"column":27}},"loc":{"start":{"line":46,"column":25},"end":{"line":55,"column":1}}}},"branchMap":{"0":{"loc":{"start":{"line":8,"column":2},"end":{"line":8,"column":null}},"type":"if","locations":[{"start":{"line":8,"column":2},"end":{"line":8,"column":null}}]},"1":{"loc":{"start":{"line":8,"column":6},"end":{"line":8,"column":34}},"type":"binary-expr","locations":[{"start":{"line":8,"column":6},"end":{"line":8,"column":18}},{"start":{"line":8,"column":22},"end":{"line":8,"column":34}}]},"2":{"loc":{"start":{"line":18,"column":2},"end":{"line":18,"column":null}},"type":"if","locations":[{"start":{"line":18,"column":2},"end":{"line":18,"column":null}}]},"3":{"loc":{"start":{"line":18,"column":6},"end":{"line":18,"column":32}},"type":"binary-expr","locations":[{"start":{"line":18,"column":6},"end":{"line":18,"column":17}},{"start":{"line":18,"column":21},"end":{"line":18,"column":32}}]},"4":{"loc":{"start":{"line":19,"column":2},"end":{"line":19,"column":null}},"type":"if","locations":[{"start":{"line":19,"column":2},"end":{"line":19,"column":null}}]},"5":{"loc":{"start":{"line":19,"column":6},"end":{"line":19,"column":26}},"type":"binary-expr","locations":[{"start":{"line":19,"column":6},"end":{"line":19,"column":14}},{"start":{"line":19,"column":18},"end":{"line":19,"column":26}}]},"6":{"loc":{"start":{"line":21,"column":2},"end":{"line":21,"column":null}},"type":"if","locations":[{"start":{"line":21,"column":2},"end":{"line":21,"column":null}}]},"7":{"loc":{"start":{"line":28,"column":2},"end":{"line":28,"column":null}},"type":"if","locations":[{"start":{"line":28,"column":2},"end":{"line":28,"column":null}}]},"8":{"loc":{"start":{"line":37,"column":2},"end":{"line":37,"column":null}},"type":"if","locations":[{"start":{"line":37,"column":2},"end":{"line":37,"column":null}}]},"9":{"loc":{"start":{"line":37,"column":6},"end":{"line":37,"column":32}},"type":"binary-expr","locations":[{"start":{"line":37,"column":6},"end":{"line":37,"column":17}},{"start":{"line":37,"column":21},"end":{"line":37,"column":32}}]},"10":{"loc":{"start":{"line":38,"column":2},"end":{"line":38,"column":null}},"type":"if","locations":[{"start":{"line":38,"column":2},"end":{"line":38,"column":null}}]},"11":{"loc":{"start":{"line":40,"column":9},"end":{"line":40,"column":60}},"type":"binary-expr","locations":[{"start":{"line":40,"column":9},"end":{"line":40,"column":29}},{"start":{"line":40,"column":33},"end":{"line":40,"column":60}}]},"12":{"loc":{"start":{"line":48,"column":2},"end":{"line":48,"column":null}},"type":"if","locations":[{"start":{"line":48,"column":2},"end":{"line":48,"column":null}}]},"13":{"loc":{"start":{"line":48,"column":6},"end":{"line":48,"column":32}},"type":"binary-expr","locations":[{"start":{"line":48,"column":6},"end":{"line":48,"column":17}},{"start":{"line":48,"column":21},"end":{"line":48,"column":32}}]},"14":{"loc":{"start":{"line":51,"column":2},"end":{"line":51,"column":null}},"type":"if","locations":[{"start":{"line":51,"column":2},"end":{"line":51,"column":null}}]},"15":{"loc":{"start":{"line":52,"column":20},"end":{"line":52,"column":70}},"type":"binary-expr","locations":[{"start":{"line":52,"column":20},"end":{"line":52,"column":61}},{"start":{"line":52,"column":65},"end":{"line":52,"column":70}}]},"16":{"loc":{"start":{"line":53,"column":20},"end":{"line":53,"column":70}},"type":"binary-expr","locations":[{"start":{"line":53,"column":20},"end":{"line":53,"column":61}},{"start":{"line":53,"column":65},"end":{"line":53,"column":70}}]}},"s":{"0":3,"1":3,"2":3,"3":3,"4":3,"5":2179,"6":367,"7":1812,"8":1812,"9":254,"10":3,"11":251,"12":1,"13":250,"14":250,"15":0,"16":250,"17":250,"18":9,"19":9,"20":0,"21":9,"22":220,"23":2,"24":218,"25":170,"26":48,"27":48,"28":197,"29":2,"30":195,"31":195,"32":195,"33":166,"34":29,"35":29,"36":29},"f":{"0":2179,"1":254,"2":9,"3":220,"4":197},"b":{"0":[367],"1":[2179,1813],"2":[3],"3":[254,252],"4":[1],"5":[251,1],"6":[0],"7":[0],"8":[2],"9":[220,219],"10":[170],"11":[48,24],"12":[2],"13":[197,196],"14":[166],"15":[29,19],"16":[29,29]}}
,"C:\\Users\\rushd\\Downloads\\ele\\src\\matching\\engine.ts": {"path":"C:\\Users\\rushd\\Downloads\\ele\\src\\matching\\engine.ts","statementMap":{"0":{"start":{"line":29,"column":0},"end":{"line":29,"column":16}},"1":{"start":{"line":150,"column":0},"end":{"line":150,"column":16}},"2":{"start":{"line":2,"column":0},"end":{"line":2,"column":107}},"3":{"start":{"line":3,"column":0},"end":{"line":3,"column":77}},"4":{"start":{"line":13,"column":40},"end":{"line":17,"column":null}},"5":{"start":{"line":19,"column":42},"end":{"line":22,"column":null}},"6":{"start":{"line":35,"column":22},"end":{"line":35,"column":77}},"7":{"start":{"line":36,"column":23},"end":{"line":36,"column":74}},"8":{"start":{"line":37,"column":18},"end":{"line":37,"column":66}},"9":{"start":{"line":38,"column":19},"end":{"line":38,"column":68}},"10":{"start":{"line":40,"column":2},"end":{"line":45,"column":null}},"11":{"start":{"line":55,"column":2},"end":{"line":60,"column":null}},"12":{"start":{"line":70,"column":28},"end":{"line":70,"column":30}},"13":{"start":{"line":71,"column":2},"end":{"line":73,"column":3}},"14":{"start":{"line":72,"column":4},"end":{"line":72,"column":null}},"15":{"start":{"line":74,"column":2},"end":{"line":76,"column":3}},"16":{"start":{"line":75,"column":4},"end":{"line":75,"column":null}},"17":{"start":{"line":77,"column":2},"end":{"line":84,"column":3}},"18":{"start":{"line":78,"column":19},"end":{"line":78,"column":101}},"19":{"start":{"line":79,"column":4},"end":{"line":81,"column":5}},"20":{"start":{"line":80,"column":6},"end":{"line":80,"column":null}},"21":{"start":{"line":83,"column":4},"end":{"line":83,"column":null}},"22":{"start":{"line":85,"column":2},"end":{"line":92,"column":3}},"23":{"start":{"line":86,"column":17},"end":{"line":86,"column":76}},"24":{"start":{"line":87,"column":4},"end":{"line":89,"column":5}},"25":{"start":{"line":88,"column":6},"end":{"line":88,"column":null}},"26":{"start":{"line":91,"column":4},"end":{"line":91,"column":null}},"27":{"start":{"line":93,"column":2},"end":{"line":93,"column":null}},"28":{"start":{"line":97,"column":2},"end":{"line":99,"column":3}},"29":{"start":{"line":98,"column":4},"end":{"line":98,"column":null}},"30":{"start":{"line":100,"column":28},"end":{"line":100,"column":30}},"31":{"start":{"line":101,"column":2},"end":{"line":103,"column":3}},"32":{"start":{"line":102,"column":4},"end":{"line":102,"column":null}},"33":{"start":{"line":104,"column":2},"end":{"line":106,"column":3}},"34":{"start":{"line":105,"column":4},"end":{"line":105,"column":null}},"35":{"start":{"line":107,"column":2},"end":{"line":107,"column":null}},"36":{"start":{"line":111,"column":2},"end":{"line":111,"column":null}},"37":{"start":{"line":111,"column":28},"end":{"line":111,"column":null}},"38":{"start":{"line":112,"column":2},"end":{"line":112,"column":null}},"39":{"start":{"line":116,"column":2},"end":{"line":116,"column":null}},"40":{"start":{"line":116,"column":37},"end":{"line":116,"column":null}},"41":{"start":{"line":117,"column":2},"end":{"line":121,"column":3}},"42":{"start":{"line":118,"column":4},"end":{"line":118,"column":null}},"43":{"start":{"line":120,"column":4},"end":{"line":120,"column":null}},"44":{"start":{"line":130,"column":2},"end":{"line":147,"column":null}},"45":{"start":{"line":155,"column":33},"end":{"line":155,"column":35}},"46":{"start":{"line":157,"column":46},"end":{"line":157,"column":89}},"47":{"start":{"line":157,"column":71},"end":{"line":157,"column":87}},"48":{"start":{"line":158,"column":50},"end":{"line":158,"column":97}},"49":{"start":{"line":158,"column":79},"end":{"line":158,"column":95}},"50":{"start":{"line":160,"column":19},"end":{"line":160,"column":36}},"51":{"start":{"line":161,"column":23},"end":{"line":161,"column":40}},"52":{"start":{"line":163,"column":23},"end":{"line":163,"column":50}},"53":{"start":{"line":164,"column":2},"end":{"line":169,"column":null}},"54":{"start":{"line":165,"column":4},"end":{"line":165,"column":40}},"55":{"start":{"line":165,"column":34},"end":{"line":165,"column":40}},"56":{"start":{"line":166,"column":17},"end":{"line":166,"column":63}},"57":{"start":{"line":167,"column":4},"end":{"line":167,"column":null}},"58":{"start":{"line":168,"column":4},"end":{"line":168,"column":null}},"59":{"start":{"line":171,"column":2},"end":{"line":193,"column":3}},"60":{"start":{"line":171,"column":16},"end":{"line":171,"column":17}},"61":{"start":{"line":172,"column":4},"end":{"line":172,"column":34}},"62":{"start":{"line":172,"column":26},"end":{"line":172,"column":34}},"63":{"start":{"line":173,"column":16},"end":{"line":173,"column":33}},"64":{"start":{"line":174,"column":4},"end":{"line":174,"column":40}},"65":{"start":{"line":174,"column":32},"end":{"line":174,"column":40}},"66":{"start":{"line":175,"column":23},"end":{"line":175,"column":61}},"67":{"start":{"line":176,"column":4},"end":{"line":176,"column":56}},"68":{"start":{"line":176,"column":48},"end":{"line":176,"column":56}},"69":{"start":{"line":177,"column":23},"end":{"line":177,"column":69}},"70":{"start":{"line":177,"column":46},"end":{"line":177,"column":68}},"71":{"start":{"line":178,"column":4},"end":{"line":178,"column":42}},"72":{"start":{"line":178,"column":34},"end":{"line":178,"column":42}},"73":{"start":{"line":179,"column":16},"end":{"line":179,"column":45}},"74":{"start":{"line":180,"column":4},"end":{"line":180,"column":22}},"75":{"start":{"line":180,"column":14},"end":{"line":180,"column":22}},"76":{"start":{"line":182,"column":20},"end":{"line":182,"column":41}},"77":{"start":{"line":183,"column":21},"end":{"line":183,"column":42}},"78":{"start":{"line":184,"column":19},"end":{"line":184,"column":75}},"79":{"start":{"line":185,"column":4},"end":{"line":190,"column":5}},"80":{"start":{"line":186,"column":6},"end":{"line":186,"column":null}},"81":{"start":{"line":188,"column":22},"end":{"line":188,"column":81}},"82":{"start":{"line":189,"column":6},"end":{"line":189,"column":null}},"83":{"start":{"line":191,"column":4},"end":{"line":191,"column":null}},"84":{"start":{"line":192,"column":4},"end":{"line":192,"column":null}},"85":{"start":{"line":195,"column":2},"end":{"line":215,"column":3}},"86":{"start":{"line":196,"column":4},"end":{"line":214,"column":5}},"87":{"start":{"line":196,"column":18},"end":{"line":196,"column":19}},"88":{"start":{"line":197,"column":6},"end":{"line":197,"column":36}},"89":{"start":{"line":197,"column":28},"end":{"line":197,"column":36}},"90":{"start":{"line":198,"column":18},"end":{"line":198,"column":35}},"91":{"start":{"line":199,"column":6},"end":{"line":199,"column":24}},"92":{"start":{"line":199,"column":16},"end":{"line":199,"column":24}},"93":{"start":{"line":201,"column":6},"end":{"line":213,"column":7}},"94":{"start":{"line":201,"column":20},"end":{"line":201,"column":21}},"95":{"start":{"line":202,"column":8},"end":{"line":202,"column":42}},"96":{"start":{"line":202,"column":34},"end":{"line":202,"column":42}},"97":{"start":{"line":203,"column":20},"end":{"line":203,"column":41}},"98":{"start":{"line":204,"column":8},"end":{"line":204,"column":26}},"99":{"start":{"line":204,"column":18},"end":{"line":204,"column":26}},"100":{"start":{"line":206,"column":8},"end":{"line":212,"column":9}},"101":{"start":{"line":207,"column":25},"end":{"line":207,"column":57}},"102":{"start":{"line":208,"column":10},"end":{"line":208,"column":null}},"103":{"start":{"line":209,"column":10},"end":{"line":209,"column":null}},"104":{"start":{"line":210,"column":10},"end":{"line":210,"column":null}},"105":{"start":{"line":211,"column":10},"end":{"line":211,"column":15}},"106":{"start":{"line":217,"column":2},"end":{"line":242,"column":3}},"107":{"start":{"line":218,"column":20},"end":{"line":218,"column":68}},"108":{"start":{"line":219,"column":21},"end":{"line":219,"column":70}},"109":{"start":{"line":220,"column":4},"end":{"line":241,"column":5}},"110":{"start":{"line":220,"column":18},"end":{"line":220,"column":19}},"111":{"start":{"line":221,"column":6},"end":{"line":221,"column":36}},"112":{"start":{"line":221,"column":28},"end":{"line":221,"column":36}},"113":{"start":{"line":222,"column":18},"end":{"line":222,"column":35}},"114":{"start":{"line":223,"column":6},"end":{"line":223,"column":24}},"115":{"start":{"line":223,"column":16},"end":{"line":223,"column":24}},"116":{"start":{"line":225,"column":6},"end":{"line":240,"column":7}},"117":{"start":{"line":225,"column":20},"end":{"line":225,"column":21}},"118":{"start":{"line":226,"column":8},"end":{"line":226,"column":42}},"119":{"start":{"line":226,"column":34},"end":{"line":226,"column":42}},"120":{"start":{"line":227,"column":20},"end":{"line":227,"column":41}},"121":{"start":{"line":228,"column":8},"end":{"line":228,"column":26}},"122":{"start":{"line":228,"column":18},"end":{"line":228,"column":26}},"123":{"start":{"line":230,"column":8},"end":{"line":239,"column":9}},"124":{"start":{"line":231,"column":10},"end":{"line":233,"column":11}},"125":{"start":{"line":232,"column":12},"end":{"line":232,"column":20}},"126":{"start":{"line":234,"column":26},"end":{"line":234,"column":85}},"127":{"start":{"line":235,"column":10},"end":{"line":235,"column":null}},"128":{"start":{"line":236,"column":10},"end":{"line":236,"column":null}},"129":{"start":{"line":237,"column":10},"end":{"line":237,"column":null}},"130":{"start":{"line":238,"column":10},"end":{"line":238,"column":15}},"131":{"start":{"line":244,"column":2},"end":{"line":251,"column":3}},"132":{"start":{"line":244,"column":16},"end":{"line":244,"column":17}},"133":{"start":{"line":245,"column":4},"end":{"line":245,"column":34}},"134":{"start":{"line":245,"column":26},"end":{"line":245,"column":34}},"135":{"start":{"line":246,"column":16},"end":{"line":246,"column":34}},"136":{"start":{"line":247,"column":19},"end":{"line":249,"column":65}},"137":{"start":{"line":247,"column":49},"end":{"line":247,"column":103}},"138":{"start":{"line":250,"column":4},"end":{"line":250,"column":null}},"139":{"start":{"line":253,"column":2},"end":{"line":257,"column":3}},"140":{"start":{"line":253,"column":16},"end":{"line":253,"column":17}},"141":{"start":{"line":254,"column":4},"end":{"line":254,"column":38}},"142":{"start":{"line":254,"column":30},"end":{"line":254,"column":38}},"143":{"start":{"line":255,"column":16},"end":{"line":255,"column":38}},"144":{"start":{"line":256,"column":4},"end":{"line":256,"column":null}},"145":{"start":{"line":259,"column":2},"end":{"line":259,"column":null}}},"fnMap":{"0":{"name":"relate","decl":{"start":{"line":29,"column":16},"end":{"line":29,"column":22}},"loc":{"start":{"line":33,"column":30},"end":{"line":46,"column":1}}},"1":{"name":"withinBaseTolerance","decl":{"start":{"line":48,"column":9},"end":{"line":48,"column":28}},"loc":{"start":{"line":53,"column":34},"end":{"line":61,"column":1}}},"2":{"name":"buildDifferenceDetails","decl":{"start":{"line":63,"column":9},"end":{"line":63,"column":31}},"loc":{"start":{"line":68,"column":34},"end":{"line":94,"column":1}}},"3":{"name":"buildMatchReason","decl":{"start":{"line":96,"column":9},"end":{"line":96,"column":25}},"loc":{"start":{"line":96,"column":88},"end":{"line":108,"column":1}}},"4":{"name":"buildConflictReason","decl":{"start":{"line":110,"column":9},"end":{"line":110,"column":28}},"loc":{"start":{"line":110,"column":63},"end":{"line":113,"column":1}}},"5":{"name":"safeIsoString","decl":{"start":{"line":115,"column":9},"end":{"line":115,"column":22}},"loc":{"start":{"line":115,"column":49},"end":{"line":122,"column":1}}},"6":{"name":"buildMatchResult","decl":{"start":{"line":124,"column":9},"end":{"line":124,"column":25}},"loc":{"start":{"line":128,"column":16},"end":{"line":148,"column":1}}},"7":{"name":"runMatching","decl":{"start":{"line":150,"column":16},"end":{"line":150,"column":27}},"loc":{"start":{"line":153,"column":30},"end":{"line":260,"column":1}}},"8":{"name":"(anonymous_8)","decl":{"start":{"line":157,"column":59},"end":{"line":157,"column":60}},"loc":{"start":{"line":157,"column":71},"end":{"line":157,"column":87}}},"9":{"name":"(anonymous_9)","decl":{"start":{"line":158,"column":67},"end":{"line":158,"column":68}},"loc":{"start":{"line":158,"column":79},"end":{"line":158,"column":95}}},"10":{"name":"(anonymous_10)","decl":{"start":{"line":164,"column":28},"end":{"line":164,"column":29}},"loc":{"start":{"line":164,"column":43},"end":{"line":169,"column":3}}},"11":{"name":"(anonymous_11)","decl":{"start":{"line":177,"column":39},"end":{"line":177,"column":42}},"loc":{"start":{"line":177,"column":46},"end":{"line":177,"column":68}}},"12":{"name":"(anonymous_12)","decl":{"start":{"line":247,"column":44},"end":{"line":247,"column":45}},"loc":{"start":{"line":247,"column":49},"end":{"line":247,"column":103}}}},"branchMap":{"0":{"loc":{"start":{"line":37,"column":18},"end":{"line":37,"column":66}},"type":"cond-expr","locations":[{"start":{"line":37,"column":40},"end":{"line":37,"column":61}},{"start":{"line":37,"column":64},"end":{"line":37,"column":66}}]},"1":{"loc":{"start":{"line":38,"column":19},"end":{"line":38,"column":68}},"type":"cond-expr","locations":[{"start":{"line":38,"column":42},"end":{"line":38,"column":63}},{"start":{"line":38,"column":66},"end":{"line":38,"column":68}}]},"2":{"loc":{"start":{"line":41,"column":4},"end":{"line":44,"column":63}},"type":"binary-expr","locations":[{"start":{"line":41,"column":4},"end":{"line":41,"column":79}},{"start":{"line":42,"column":4},"end":{"line":42,"column":78}},{"start":{"line":43,"column":4},"end":{"line":43,"column":59}},{"start":{"line":44,"column":4},"end":{"line":44,"column":63}}]},"3":{"loc":{"start":{"line":56,"column":4},"end":{"line":59,"column":63}},"type":"binary-expr","locations":[{"start":{"line":56,"column":4},"end":{"line":56,"column":100}},{"start":{"line":57,"column":4},"end":{"line":57,"column":93}},{"start":{"line":58,"column":4},"end":{"line":58,"column":59}},{"start":{"line":59,"column":4},"end":{"line":59,"column":63}}]},"4":{"loc":{"start":{"line":71,"column":2},"end":{"line":73,"column":3}},"type":"if","locations":[{"start":{"line":71,"column":2},"end":{"line":73,"column":3}}]},"5":{"loc":{"start":{"line":72,"column":35},"end":{"line":72,"column":59}},"type":"binary-expr","locations":[{"start":{"line":72,"column":35},"end":{"line":72,"column":49}},{"start":{"line":72,"column":53},"end":{"line":72,"column":59}}]},"6":{"loc":{"start":{"line":72,"column":66},"end":{"line":72,"column":94}},"type":"binary-expr","locations":[{"start":{"line":72,"column":66},"end":{"line":72,"column":84}},{"start":{"line":72,"column":88},"end":{"line":72,"column":94}}]},"7":{"loc":{"start":{"line":74,"column":2},"end":{"line":76,"column":3}},"type":"if","locations":[{"start":{"line":74,"column":2},"end":{"line":76,"column":3}}]},"8":{"loc":{"start":{"line":75,"column":36},"end":{"line":75,"column":61}},"type":"binary-expr","locations":[{"start":{"line":75,"column":36},"end":{"line":75,"column":51}},{"start":{"line":75,"column":55},"end":{"line":75,"column":61}}]},"9":{"loc":{"start":{"line":75,"column":68},"end":{"line":75,"column":97}},"type":"binary-expr","locations":[{"start":{"line":75,"column":68},"end":{"line":75,"column":87}},{"start":{"line":75,"column":91},"end":{"line":75,"column":97}}]},"10":{"loc":{"start":{"line":77,"column":2},"end":{"line":84,"column":3}},"type":"if","locations":[{"start":{"line":77,"column":2},"end":{"line":84,"column":3}},{"start":{"line":82,"column":9},"end":{"line":84,"column":3}}]},"11":{"loc":{"start":{"line":77,"column":6},"end":{"line":77,"column":52}},"type":"binary-expr","locations":[{"start":{"line":77,"column":6},"end":{"line":77,"column":25}},{"start":{"line":77,"column":29},"end":{"line":77,"column":52}}]},"12":{"loc":{"start":{"line":79,"column":4},"end":{"line":81,"column":5}},"type":"if","locations":[{"start":{"line":79,"column":4},"end":{"line":81,"column":5}}]},"13":{"loc":{"start":{"line":85,"column":2},"end":{"line":92,"column":3}},"type":"if","locations":[{"start":{"line":85,"column":2},"end":{"line":92,"column":3}},{"start":{"line":90,"column":9},"end":{"line":92,"column":3}}]},"14":{"loc":{"start":{"line":85,"column":6},"end":{"line":85,"column":68}},"type":"binary-expr","locations":[{"start":{"line":85,"column":6},"end":{"line":85,"column":33}},{"start":{"line":85,"column":37},"end":{"line":85,"column":68}}]},"15":{"loc":{"start":{"line":87,"column":4},"end":{"line":89,"column":5}},"type":"if","locations":[{"start":{"line":87,"column":4},"end":{"line":89,"column":5}}]},"16":{"loc":{"start":{"line":97,"column":2},"end":{"line":99,"column":3}},"type":"if","locations":[{"start":{"line":97,"column":2},"end":{"line":99,"column":3}}]},"17":{"loc":{"start":{"line":101,"column":2},"end":{"line":103,"column":3}},"type":"if","locations":[{"start":{"line":101,"column":2},"end":{"line":103,"column":3}}]},"18":{"loc":{"start":{"line":101,"column":7},"end":{"line":101,"column":27}},"type":"binary-expr","locations":[{"start":{"line":101,"column":7},"end":{"line":101,"column":21}},{"start":{"line":101,"column":25},"end":{"line":101,"column":27}}]},"19":{"loc":{"start":{"line":101,"column":48},"end":{"line":101,"column":72}},"type":"binary-expr","locations":[{"start":{"line":101,"column":48},"end":{"line":101,"column":66}},{"start":{"line":101,"column":70},"end":{"line":101,"column":72}}]},"20":{"loc":{"start":{"line":104,"column":2},"end":{"line":106,"column":3}},"type":"if","locations":[{"start":{"line":104,"column":2},"end":{"line":106,"column":3}}]},"21":{"loc":{"start":{"line":104,"column":7},"end":{"line":104,"column":28}},"type":"binary-expr","locations":[{"start":{"line":104,"column":7},"end":{"line":104,"column":22}},{"start":{"line":104,"column":26},"end":{"line":104,"column":28}}]},"22":{"loc":{"start":{"line":104,"column":49},"end":{"line":104,"column":74}},"type":"binary-expr","locations":[{"start":{"line":104,"column":49},"end":{"line":104,"column":68}},{"start":{"line":104,"column":72},"end":{"line":104,"column":74}}]},"23":{"loc":{"start":{"line":107,"column":9},"end":{"line":107,"column":103}},"type":"cond-expr","locations":[{"start":{"line":107,"column":26},"end":{"line":107,"column":75}},{"start":{"line":107,"column":78},"end":{"line":107,"column":103}}]},"24":{"loc":{"start":{"line":111,"column":2},"end":{"line":111,"column":null}},"type":"if","locations":[{"start":{"line":111,"column":2},"end":{"line":111,"column":null}}]},"25":{"loc":{"start":{"line":116,"column":2},"end":{"line":116,"column":null}},"type":"if","locations":[{"start":{"line":116,"column":2},"end":{"line":116,"column":null}}]},"26":{"loc":{"start":{"line":116,"column":6},"end":{"line":116,"column":35}},"type":"binary-expr","locations":[{"start":{"line":116,"column":6},"end":{"line":116,"column":16}},{"start":{"line":116,"column":20},"end":{"line":116,"column":35}}]},"27":{"loc":{"start":{"line":133,"column":14},"end":{"line":133,"column":46}},"type":"binary-expr","locations":[{"start":{"line":133,"column":14},"end":{"line":133,"column":38}},{"start":{"line":133,"column":42},"end":{"line":133,"column":46}}]},"28":{"loc":{"start":{"line":134,"column":18},"end":{"line":134,"column":54}},"type":"binary-expr","locations":[{"start":{"line":134,"column":18},"end":{"line":134,"column":46}},{"start":{"line":134,"column":50},"end":{"line":134,"column":54}}]},"29":{"loc":{"start":{"line":137,"column":11},"end":{"line":137,"column":59}},"type":"binary-expr","locations":[{"start":{"line":137,"column":11},"end":{"line":137,"column":27}},{"start":{"line":137,"column":31},"end":{"line":137,"column":51}},{"start":{"line":137,"column":55},"end":{"line":137,"column":59}}]},"30":{"loc":{"start":{"line":138,"column":10},"end":{"line":138,"column":56}},"type":"binary-expr","locations":[{"start":{"line":138,"column":10},"end":{"line":138,"column":25}},{"start":{"line":138,"column":29},"end":{"line":138,"column":48}},{"start":{"line":138,"column":52},"end":{"line":138,"column":56}}]},"31":{"loc":{"start":{"line":139,"column":18},"end":{"line":139,"column":45}},"type":"binary-expr","locations":[{"start":{"line":139,"column":18},"end":{"line":139,"column":37}},{"start":{"line":139,"column":41},"end":{"line":139,"column":45}}]},"32":{"loc":{"start":{"line":140,"column":22},"end":{"line":140,"column":53}},"type":"binary-expr","locations":[{"start":{"line":140,"column":22},"end":{"line":140,"column":45}},{"start":{"line":140,"column":49},"end":{"line":140,"column":53}}]},"33":{"loc":{"start":{"line":141,"column":18},"end":{"line":141,"column":45}},"type":"binary-expr","locations":[{"start":{"line":141,"column":18},"end":{"line":141,"column":37}},{"start":{"line":141,"column":41},"end":{"line":141,"column":45}}]},"34":{"loc":{"start":{"line":142,"column":22},"end":{"line":142,"column":53}},"type":"binary-expr","locations":[{"start":{"line":142,"column":22},"end":{"line":142,"column":45}},{"start":{"line":142,"column":49},"end":{"line":142,"column":53}}]},"35":{"loc":{"start":{"line":143,"column":13},"end":{"line":143,"column":35}},"type":"binary-expr","locations":[{"start":{"line":143,"column":13},"end":{"line":143,"column":27}},{"start":{"line":143,"column":31},"end":{"line":143,"column":35}}]},"36":{"loc":{"start":{"line":144,"column":17},"end":{"line":144,"column":43}},"type":"binary-expr","locations":[{"start":{"line":144,"column":17},"end":{"line":144,"column":35}},{"start":{"line":144,"column":39},"end":{"line":144,"column":43}}]},"37":{"loc":{"start":{"line":145,"column":14},"end":{"line":145,"column":37}},"type":"binary-expr","locations":[{"start":{"line":145,"column":14},"end":{"line":145,"column":29}},{"start":{"line":145,"column":33},"end":{"line":145,"column":37}}]},"38":{"loc":{"start":{"line":146,"column":18},"end":{"line":146,"column":45}},"type":"binary-expr","locations":[{"start":{"line":146,"column":18},"end":{"line":146,"column":37}},{"start":{"line":146,"column":41},"end":{"line":146,"column":45}}]},"39":{"loc":{"start":{"line":165,"column":4},"end":{"line":165,"column":40}},"type":"if","locations":[{"start":{"line":165,"column":4},"end":{"line":165,"column":40}}]},"40":{"loc":{"start":{"line":166,"column":17},"end":{"line":166,"column":63}},"type":"binary-expr","locations":[{"start":{"line":166,"column":17},"end":{"line":166,"column":57}},{"start":{"line":166,"column":61},"end":{"line":166,"column":63}}]},"41":{"loc":{"start":{"line":172,"column":4},"end":{"line":172,"column":34}},"type":"if","locations":[{"start":{"line":172,"column":4},"end":{"line":172,"column":34}}]},"42":{"loc":{"start":{"line":174,"column":4},"end":{"line":174,"column":40}},"type":"if","locations":[{"start":{"line":174,"column":4},"end":{"line":174,"column":40}}]},"43":{"loc":{"start":{"line":176,"column":4},"end":{"line":176,"column":56}},"type":"if","locations":[{"start":{"line":176,"column":4},"end":{"line":176,"column":56}}]},"44":{"loc":{"start":{"line":176,"column":8},"end":{"line":176,"column":46}},"type":"binary-expr","locations":[{"start":{"line":176,"column":8},"end":{"line":176,"column":19}},{"start":{"line":176,"column":23},"end":{"line":176,"column":46}}]},"45":{"loc":{"start":{"line":178,"column":4},"end":{"line":178,"column":42}},"type":"if","locations":[{"start":{"line":178,"column":4},"end":{"line":178,"column":42}}]},"46":{"loc":{"start":{"line":180,"column":4},"end":{"line":180,"column":22}},"type":"if","locations":[{"start":{"line":180,"column":4},"end":{"line":180,"column":22}}]},"47":{"loc":{"start":{"line":185,"column":4},"end":{"line":190,"column":5}},"type":"if","locations":[{"start":{"line":185,"column":4},"end":{"line":190,"column":5}},{"start":{"line":187,"column":11},"end":{"line":190,"column":5}}]},"48":{"loc":{"start":{"line":197,"column":6},"end":{"line":197,"column":36}},"type":"if","locations":[{"start":{"line":197,"column":6},"end":{"line":197,"column":36}}]},"49":{"loc":{"start":{"line":199,"column":6},"end":{"line":199,"column":24}},"type":"if","locations":[{"start":{"line":199,"column":6},"end":{"line":199,"column":24}}]},"50":{"loc":{"start":{"line":202,"column":8},"end":{"line":202,"column":42}},"type":"if","locations":[{"start":{"line":202,"column":8},"end":{"line":202,"column":42}}]},"51":{"loc":{"start":{"line":204,"column":8},"end":{"line":204,"column":26}},"type":"if","locations":[{"start":{"line":204,"column":8},"end":{"line":204,"column":26}}]},"52":{"loc":{"start":{"line":206,"column":8},"end":{"line":212,"column":9}},"type":"if","locations":[{"start":{"line":206,"column":8},"end":{"line":212,"column":9}}]},"53":{"loc":{"start":{"line":218,"column":20},"end":{"line":218,"column":68}},"type":"cond-expr","locations":[{"start":{"line":218,"column":42},"end":{"line":218,"column":63}},{"start":{"line":218,"column":66},"end":{"line":218,"column":68}}]},"54":{"loc":{"start":{"line":219,"column":21},"end":{"line":219,"column":70}},"type":"cond-expr","locations":[{"start":{"line":219,"column":44},"end":{"line":219,"column":65}},{"start":{"line":219,"column":68},"end":{"line":219,"column":70}}]},"55":{"loc":{"start":{"line":221,"column":6},"end":{"line":221,"column":36}},"type":"if","locations":[{"start":{"line":221,"column":6},"end":{"line":221,"column":36}}]},"56":{"loc":{"start":{"line":223,"column":6},"end":{"line":223,"column":24}},"type":"if","locations":[{"start":{"line":223,"column":6},"end":{"line":223,"column":24}}]},"57":{"loc":{"start":{"line":226,"column":8},"end":{"line":226,"column":42}},"type":"if","locations":[{"start":{"line":226,"column":8},"end":{"line":226,"column":42}}]},"58":{"loc":{"start":{"line":228,"column":8},"end":{"line":228,"column":26}},"type":"if","locations":[{"start":{"line":228,"column":8},"end":{"line":228,"column":26}}]},"59":{"loc":{"start":{"line":230,"column":8},"end":{"line":239,"column":9}},"type":"if","locations":[{"start":{"line":230,"column":8},"end":{"line":239,"column":9}}]},"60":{"loc":{"start":{"line":231,"column":10},"end":{"line":233,"column":11}},"type":"if","locations":[{"start":{"line":231,"column":10},"end":{"line":233,"column":11}}]},"61":{"loc":{"start":{"line":245,"column":4},"end":{"line":245,"column":34}},"type":"if","locations":[{"start":{"line":245,"column":4},"end":{"line":245,"column":34}}]},"62":{"loc":{"start":{"line":247,"column":19},"end":{"line":249,"column":65}},"type":"cond-expr","locations":[{"start":{"line":248,"column":8},"end":{"line":248,"column":40}},{"start":{"line":249,"column":8},"end":{"line":249,"column":65}}]},"63":{"loc":{"start":{"line":247,"column":49},"end":{"line":247,"column":103}},"type":"binary-expr","locations":[{"start":{"line":247,"column":49},"end":{"line":247,"column":76}},{"start":{"line":247,"column":80},"end":{"line":247,"column":103}}]},"64":{"loc":{"start":{"line":254,"column":4},"end":{"line":254,"column":38}},"type":"if","locations":[{"start":{"line":254,"column":4},"end":{"line":254,"column":38}}]}},"s":{"0":2,"1":2,"2":2,"3":2,"4":2,"5":2,"6":2157,"7":2157,"8":2157,"9":2157,"10":2157,"11":8,"12":8,"13":8,"14":0,"15":8,"16":0,"17":8,"18":8,"19":8,"20":0,"21":0,"22":8,"23":8,"24":8,"25":8,"26":0,"27":8,"28":157,"29":125,"30":32,"31":32,"32":23,"33":32,"34":9,"35":32,"36":8,"37":0,"38":8,"39":436,"40":67,"41":369,"42":369,"43":0,"44":218,"45":16,"46":16,"47":195,"48":16,"49":188,"50":16,"51":16,"52":16,"53":16,"54":188,"55":0,"56":188,"57":188,"58":188,"59":16,"60":16,"61":195,"62":0,"63":195,"64":195,"65":0,"66":195,"67":195,"68":195,"69":0,"70":0,"71":0,"72":0,"73":0,"74":0,"75":0,"76":0,"77":0,"78":0,"79":0,"80":0,"81":0,"82":0,"83":0,"84":0,"85":16,"86":48,"87":48,"88":585,"89":273,"90":312,"91":312,"92":0,"93":312,"94":312,"95":5266,"96":3285,"97":1981,"98":1981,"99":0,"100":1981,"101":157,"102":157,"103":157,"104":157,"105":157,"106":16,"107":32,"108":32,"109":32,"110":32,"111":390,"112":322,"113":68,"114":68,"115":0,"116":68,"117":68,"118":1487,"119":1311,"120":176,"121":176,"122":0,"123":176,"124":8,"125":0,"126":8,"127":8,"128":8,"129":8,"130":8,"131":16,"132":16,"133":195,"134":165,"135":30,"136":30,"137":36,"138":30,"139":16,"140":16,"141":188,"142":165,"143":23,"144":23,"145":16},"f":{"0":2157,"1":8,"2":8,"3":157,"4":8,"5":436,"6":218,"7":16,"8":195,"9":188,"10":188,"11":0,"12":36},"b":{"0":[611,1546],"1":[326,1831],"2":[2157,230,206,183],"3":[8,8,0,0],"4":[0],"5":[0,0],"6":[0,0],"7":[0],"8":[0,0],"9":[0,0],"10":[8,0],"11":[8,8],"12":[0],"13":[8,0],"14":[8,8],"15":[8],"16":[125],"17":[23],"18":[32,0],"19":[32,0],"20":[9],"21":[32,0],"22":[32,0],"23":[32,0],"24":[0],"25":[67],"26":[436,422],"27":[218,23],"28":[218,30],"29":[218,23,0],"30":[218,23,0],"31":[218,23],"32":[218,30],"33":[218,44],"34":[218,51],"35":[218,23],"36":[218,30],"37":[218,36],"38":[218,43],"39":[0],"40":[188,188],"41":[0],"42":[0],"43":[195],"44":[195,0],"45":[0],"46":[0],"47":[0,0],"48":[273],"49":[0],"50":[3285],"51":[0],"52":[157],"53":[32,0],"54":[32,0],"55":[322],"56":[0],"57":[1311],"58":[0],"59":[8],"60":[0],"61":[165],"62":[8,22],"63":[36,8],"64":[165]}}
,"C:\\Users\\rushd\\Downloads\\ele\\src\\matching\\typeMappings.ts": {"path":"C:\\Users\\rushd\\Downloads\\ele\\src\\matching\\typeMappings.ts","statementMap":{"0":{"start":{"line":3,"column":13},"end":{"line":6,"column":null}},"1":{"start":{"line":8,"column":13},"end":{"line":13,"column":null}}},"fnMap":{},"branchMap":{},"s":{"0":3,"1":3},"f":{},"b":{}}
,"C:\\Users\\rushd\\Downloads\\ele\\src\\report\\generator.ts": {"path":"C:\\Users\\rushd\\Downloads\\ele\\src\\report\\generator.ts","statementMap":{"0":{"start":{"line":42,"column":0},"end":{"line":42,"column":16}},"1":{"start":{"line":66,"column":0},"end":{"line":66,"column":16}},"2":{"start":{"line":75,"column":0},"end":{"line":75,"column":16}},"3":{"start":{"line":3,"column":20},"end":{"line":12,"column":null}},"4":{"start":{"line":15,"column":2},"end":{"line":15,"column":null}},"5":{"start":{"line":15,"column":45},"end":{"line":15,"column":null}},"6":{"start":{"line":16,"column":14},"end":{"line":16,"column":27}},"7":{"start":{"line":17,"column":2},"end":{"line":19,"column":3}},"8":{"start":{"line":18,"column":4},"end":{"line":18,"column":null}},"9":{"start":{"line":20,"column":2},"end":{"line":20,"column":null}},"10":{"start":{"line":43,"column":17},"end":{"line":43,"column":38}},"11":{"start":{"line":44,"column":15},"end":{"line":61,"column":14}},"12":{"start":{"line":44,"column":31},"end":{"line":61,"column":13}},"13":{"start":{"line":63,"column":2},"end":{"line":63,"column":null}},"14":{"start":{"line":67,"column":2},"end":{"line":72,"column":null}},"15":{"start":{"line":68,"column":30},"end":{"line":68,"column":54}},"16":{"start":{"line":69,"column":34},"end":{"line":69,"column":62}},"17":{"start":{"line":70,"column":36},"end":{"line":70,"column":67}},"18":{"start":{"line":71,"column":40},"end":{"line":71,"column":75}},"19":{"start":{"line":93,"column":2},"end":{"line":93,"column":null}}},"fnMap":{"0":{"name":"escapeCsv","decl":{"start":{"line":14,"column":9},"end":{"line":14,"column":18}},"loc":{"start":{"line":14,"column":51},"end":{"line":21,"column":1}}},"1":{"name":"generateCsv","decl":{"start":{"line":42,"column":16},"end":{"line":42,"column":27}},"loc":{"start":{"line":42,"column":45},"end":{"line":64,"column":1}}},"2":{"name":"(anonymous_2)","decl":{"start":{"line":44,"column":24},"end":{"line":44,"column":27}},"loc":{"start":{"line":44,"column":31},"end":{"line":61,"column":13}}},"3":{"name":"computeSummary","decl":{"start":{"line":66,"column":16},"end":{"line":66,"column":30}},"loc":{"start":{"line":66,"column":48},"end":{"line":73,"column":1}}},"4":{"name":"(anonymous_4)","decl":{"start":{"line":68,"column":25},"end":{"line":68,"column":26}},"loc":{"start":{"line":68,"column":30},"end":{"line":68,"column":54}}},"5":{"name":"(anonymous_5)","decl":{"start":{"line":69,"column":29},"end":{"line":69,"column":30}},"loc":{"start":{"line":69,"column":34},"end":{"line":69,"column":62}}},"6":{"name":"(anonymous_6)","decl":{"start":{"line":70,"column":31},"end":{"line":70,"column":32}},"loc":{"start":{"line":70,"column":36},"end":{"line":70,"column":67}}},"7":{"name":"(anonymous_7)","decl":{"start":{"line":71,"column":35},"end":{"line":71,"column":36}},"loc":{"start":{"line":71,"column":40},"end":{"line":71,"column":75}}},"8":{"name":"toReportRow","decl":{"start":{"line":75,"column":16},"end":{"line":75,"column":27}},"loc":{"start":{"line":92,"column":1},"end":{"line":94,"column":1}}}},"branchMap":{"0":{"loc":{"start":{"line":15,"column":2},"end":{"line":15,"column":null}},"type":"if","locations":[{"start":{"line":15,"column":2},"end":{"line":15,"column":null}}]},"1":{"loc":{"start":{"line":15,"column":6},"end":{"line":15,"column":43}},"type":"binary-expr","locations":[{"start":{"line":15,"column":6},"end":{"line":15,"column":20}},{"start":{"line":15,"column":24},"end":{"line":15,"column":43}}]},"2":{"loc":{"start":{"line":17,"column":2},"end":{"line":19,"column":3}},"type":"if","locations":[{"start":{"line":17,"column":2},"end":{"line":19,"column":3}}]},"3":{"loc":{"start":{"line":17,"column":6},"end":{"line":17,"column":66}},"type":"binary-expr","locations":[{"start":{"line":17,"column":6},"end":{"line":17,"column":23}},{"start":{"line":17,"column":27},"end":{"line":17,"column":44}},{"start":{"line":17,"column":48},"end":{"line":17,"column":66}}]}},"s":{"0":1,"1":1,"2":1,"3":1,"4":48,"5":16,"6":32,"7":32,"8":1,"9":31,"10":4,"11":4,"12":3,"13":4,"14":1,"15":5,"16":5,"17":5,"18":5,"19":8},"f":{"0":48,"1":4,"2":3,"3":1,"4":5,"5":5,"6":5,"7":5,"8":8},"b":{"0":[16],"1":[48,39],"2":[1],"3":[32,31,31]}}
}
