TN:
SF:src\db\models\Transaction.ts
FNF:0
FNH:0
DA:1,1
DA:23,1
DA:29,1
DA:43,1
DA:44,1
DA:46,1
LF:6
LH:6
BRF:0
BRH:0
end_of_record
TN:
SF:src\ingest\csvParser.ts
FN:5,parseCsv
FN:15,(anonymous_10)
FNF:2
FNH:2
FNDA:22,parseCsv
FNDA:564,(anonymous_10)
DA:1,2
DA:2,2
DA:5,2
DA:6,22
DA:7,22
DA:15,22
DA:16,564
LF:7
LH:7
BRDA:17,0,0,564
BRDA:17,0,1,0
BRDA:18,1,0,564
BRDA:18,1,1,0
BRDA:19,2,0,564
BRDA:19,2,1,0
BRDA:20,3,0,564
BRDA:20,3,1,0
BRDA:21,4,0,564
BRDA:21,4,1,0
BRDA:22,5,0,564
BRDA:22,5,1,0
BRDA:23,6,0,564
BRDA:23,6,1,0
BRDA:24,7,0,564
BRDA:24,7,1,0
BRF:16
BRH:8
end_of_record
TN:
SF:src\ingest\index.ts
FN:6,parseValue
FN:12,parseTimestamp
FN:18,toParsed
FN:33,logQualityIssues
FN:35,(anonymous_4)
FN:40,ingestCsv
FN:44,(anonymous_6)
FN:50,(anonymous_7)
FN:72,ingestAll
FNF:9
FNH:9
FNDA:1071,parseValue
FNDA:357,parseTimestamp
FNDA:357,toParsed
FNDA:357,logQualityIssues
FNDA:35,(anonymous_4)
FNDA:14,ingestCsv
FNDA:357,(anonymous_6)
FNDA:357,(anonymous_7)
FNDA:7,ingestAll
DA:1,1
DA:2,1
DA:3,1
DA:7,1071
DA:8,1029
DA:9,1029
DA:13,357
DA:14,357
DA:15,357
DA:19,357
DA:34,357
DA:35,35
DA:36,28
DA:37,28
DA:40,1
DA:41,14
DA:42,14
DA:44,14
DA:45,357
DA:46,357
DA:47,357
DA:50,357
DA:63,14
DA:64,14
DA:66,0
DA:69,14
DA:72,1
DA:76,7
DA:77,7
DA:78,7
LF:30
LH:29
BRDA:7,0,0,42
BRDA:7,1,0,1071
BRDA:7,1,1,1071
BRDA:9,2,0,0
BRDA:9,2,1,1029
BRDA:13,3,0,0
BRDA:13,4,0,357
BRDA:13,4,1,357
BRDA:15,5,0,14
BRDA:15,5,1,343
BRDA:22,6,0,357
BRDA:22,6,1,0
BRDA:23,7,0,357
BRDA:23,7,1,0
BRDA:27,8,0,357
BRDA:27,8,1,0
BRDA:34,9,0,329
BRDA:36,10,0,28
BRDA:36,10,1,0
BRDA:66,11,0,0
BRF:20
BRH:13
end_of_record
TN:
SF:src\ingest\qualityChecker.ts
FN:5,isIso8601
FN:10,checkQuality
FN:44,checkAllQuality
FN:46,(anonymous_3)
FNF:4
FNH:4
FNDA:368,isIso8601
FNDA:369,checkQuality
FNDA:15,checkAllQuality
FNDA:359,(anonymous_3)
DA:3,2
DA:6,368
DA:7,368
DA:10,2
DA:11,369
DA:13,369
DA:14,1
DA:15,368
DA:16,15
DA:19,369
DA:20,8
DA:21,361
DA:22,1
DA:25,369
DA:26,1
DA:28,368
DA:29,368
DA:30,1
DA:31,367
DA:32,9
DA:36,369
DA:37,9
DA:39,369
DA:41,369
DA:44,2
DA:45,15
DA:46,359
LF:27
LH:27
BRDA:7,0,0,368
BRDA:7,0,1,353
BRDA:13,1,0,1
BRDA:13,1,1,368
BRDA:13,2,0,369
BRDA:13,2,1,368
BRDA:15,3,0,15
BRDA:19,4,0,8
BRDA:19,4,1,361
BRDA:19,5,0,369
BRDA:19,5,1,369
BRDA:21,6,0,1
BRDA:25,7,0,1
BRDA:25,7,1,368
BRDA:25,8,0,369
BRDA:25,8,1,368
BRDA:29,9,0,1
BRDA:29,9,1,367
BRDA:31,10,0,9
BRDA:36,11,0,9
BRF:20
BRH:20
end_of_record
TN:
SF:src\matching\comparator.ts
FN:3,timestampsWithin
FN:13,quantitiesWithin
FN:26,quantityDiffPct
FN:32,typesMatch
FN:43,assetsMatch
FNF:5
FNH:5
FNDA:2179,timestampsWithin
FNDA:254,quantitiesWithin
FNDA:9,quantityDiffPct
FNDA:220,typesMatch
FNDA:197,assetsMatch
DA:3,3
DA:8,2179
DA:9,1812
DA:10,1812
DA:13,3
DA:18,254
DA:19,251
DA:20,250
DA:21,250
DA:22,250
DA:23,250
DA:26,3
DA:27,9
DA:28,9
DA:29,9
DA:32,3
DA:37,220
DA:38,218
DA:39,48
DA:40,48
DA:43,3
DA:48,197
DA:49,195
DA:50,195
DA:51,195
DA:52,29
DA:53,29
DA:54,29
LF:28
LH:28
BRDA:8,0,0,367
BRDA:8,1,0,2179
BRDA:8,1,1,1813
BRDA:18,2,0,3
BRDA:18,3,0,254
BRDA:18,3,1,252
BRDA:19,4,0,1
BRDA:19,5,0,251
BRDA:19,5,1,1
BRDA:21,6,0,0
BRDA:28,7,0,0
BRDA:37,8,0,2
BRDA:37,9,0,220
BRDA:37,9,1,219
BRDA:38,10,0,170
BRDA:40,11,0,48
BRDA:40,11,1,24
BRDA:48,12,0,2
BRDA:48,13,0,197
BRDA:48,13,1,196
BRDA:51,14,0,166
BRDA:52,15,0,29
BRDA:52,15,1,19
BRDA:53,16,0,29
BRDA:53,16,1,29
BRF:25
BRH:23
end_of_record
TN:
SF:src\matching\engine.ts
FN:29,relate
FN:48,withinBaseTolerance
FN:63,buildDifferenceDetails
FN:96,buildMatchReason
FN:110,buildConflictReason
FN:115,safeIsoString
FN:124,buildMatchResult
FN:150,runMatching
FN:157,(anonymous_8)
FN:158,(anonymous_9)
FN:164,(anonymous_10)
FN:177,(anonymous_11)
FN:247,(anonymous_12)
FNF:13
FNH:12
FNDA:2157,relate
FNDA:8,withinBaseTolerance
FNDA:8,buildDifferenceDetails
FNDA:157,buildMatchReason
FNDA:8,buildConflictReason
FNDA:436,safeIsoString
FNDA:218,buildMatchResult
FNDA:16,runMatching
FNDA:195,(anonymous_8)
FNDA:188,(anonymous_9)
FNDA:188,(anonymous_10)
FNDA:0,(anonymous_11)
FNDA:36,(anonymous_12)
DA:2,2
DA:3,2
DA:13,2
DA:19,2
DA:29,2
DA:35,2157
DA:36,2157
DA:37,2157
DA:38,2157
DA:40,2157
DA:55,8
DA:70,8
DA:71,8
DA:72,0
DA:74,8
DA:75,0
DA:77,8
DA:78,8
DA:79,8
DA:80,0
DA:83,0
DA:85,8
DA:86,8
DA:87,8
DA:88,8
DA:91,0
DA:93,8
DA:97,157
DA:98,125
DA:100,32
DA:101,32
DA:102,23
DA:104,32
DA:105,9
DA:107,32
DA:111,8
DA:112,8
DA:116,436
DA:117,369
DA:118,369
DA:120,0
DA:130,218
DA:150,2
DA:155,16
DA:157,195
DA:158,188
DA:160,16
DA:161,16
DA:163,16
DA:164,16
DA:165,188
DA:166,188
DA:167,188
DA:168,188
DA:171,16
DA:172,195
DA:173,195
DA:174,195
DA:175,195
DA:176,195
DA:177,0
DA:178,0
DA:179,0
DA:180,0
DA:182,0
DA:183,0
DA:184,0
DA:185,0
DA:186,0
DA:188,0
DA:189,0
DA:191,0
DA:192,0
DA:195,16
DA:196,48
DA:197,585
DA:198,312
DA:199,312
DA:201,312
DA:202,5266
DA:203,1981
DA:204,1981
DA:206,1981
DA:207,157
DA:208,157
DA:209,157
DA:210,157
DA:211,157
DA:217,16
DA:218,32
DA:219,32
DA:220,32
DA:221,390
DA:222,68
DA:223,68
DA:225,68
DA:226,1487
DA:227,176
DA:228,176
DA:230,176
DA:231,8
DA:232,0
DA:234,8
DA:235,8
DA:236,8
DA:237,8
DA:238,8
DA:244,16
DA:245,195
DA:246,30
DA:247,36
DA:250,30
DA:253,16
DA:254,188
DA:255,23
DA:256,23
DA:259,16
LF:117
LH:97
BRDA:37,0,0,611
BRDA:37,0,1,1546
BRDA:38,1,0,326
BRDA:38,1,1,1831
BRDA:41,2,0,2157
BRDA:41,2,1,230
BRDA:41,2,2,206
BRDA:41,2,3,183
BRDA:56,3,0,8
BRDA:56,3,1,8
BRDA:56,3,2,0
BRDA:56,3,3,0
BRDA:71,4,0,0
BRDA:72,5,0,0
BRDA:72,5,1,0
BRDA:72,6,0,0
BRDA:72,6,1,0
BRDA:74,7,0,0
BRDA:75,8,0,0
BRDA:75,8,1,0
BRDA:75,9,0,0
BRDA:75,9,1,0
BRDA:77,10,0,8
BRDA:77,10,1,0
BRDA:77,11,0,8
BRDA:77,11,1,8
BRDA:79,12,0,0
BRDA:85,13,0,8
BRDA:85,13,1,0
BRDA:85,14,0,8
BRDA:85,14,1,8
BRDA:87,15,0,8
BRDA:97,16,0,125
BRDA:101,17,0,23
BRDA:101,18,0,32
BRDA:101,18,1,0
BRDA:101,19,0,32
BRDA:101,19,1,0
BRDA:104,20,0,9
BRDA:104,21,0,32
BRDA:104,21,1,0
BRDA:104,22,0,32
BRDA:104,22,1,0
BRDA:107,23,0,32
BRDA:107,23,1,0
BRDA:111,24,0,0
BRDA:116,25,0,67
BRDA:116,26,0,436
BRDA:116,26,1,422
BRDA:133,27,0,218
BRDA:133,27,1,23
BRDA:134,28,0,218
BRDA:134,28,1,30
BRDA:137,29,0,218
BRDA:137,29,1,23
BRDA:137,29,2,0
BRDA:138,30,0,218
BRDA:138,30,1,23
BRDA:138,30,2,0
BRDA:139,31,0,218
BRDA:139,31,1,23
BRDA:140,32,0,218
BRDA:140,32,1,30
BRDA:141,33,0,218
BRDA:141,33,1,44
BRDA:142,34,0,218
BRDA:142,34,1,51
BRDA:143,35,0,218
BRDA:143,35,1,23
BRDA:144,36,0,218
BRDA:144,36,1,30
BRDA:145,37,0,218
BRDA:145,37,1,36
BRDA:146,38,0,218
BRDA:146,38,1,43
BRDA:165,39,0,0
BRDA:166,40,0,188
BRDA:166,40,1,188
BRDA:172,41,0,0
BRDA:174,42,0,0
BRDA:176,43,0,195
BRDA:176,44,0,195
BRDA:176,44,1,0
BRDA:178,45,0,0
BRDA:180,46,0,0
BRDA:185,47,0,0
BRDA:185,47,1,0
BRDA:197,48,0,273
BRDA:199,49,0,0
BRDA:202,50,0,3285
BRDA:204,51,0,0
BRDA:206,52,0,157
BRDA:218,53,0,32
BRDA:218,53,1,0
BRDA:219,54,0,32
BRDA:219,54,1,0
BRDA:221,55,0,322
BRDA:223,56,0,0
BRDA:226,57,0,1311
BRDA:228,58,0,0
BRDA:230,59,0,8
BRDA:231,60,0,0
BRDA:245,61,0,165
BRDA:247,62,0,8
BRDA:247,62,1,22
BRDA:247,63,0,36
BRDA:247,63,1,8
BRDA:254,64,0,165
BRF:108
BRH:70
end_of_record
TN:
SF:src\matching\typeMappings.ts
FNF:0
FNH:0
DA:3,3
DA:8,3
LF:2
LH:2
BRF:0
BRH:0
end_of_record
TN:
SF:src\report\generator.ts
FN:14,escapeCsv
FN:42,generateCsv
FN:44,(anonymous_2)
FN:66,computeSummary
FN:68,(anonymous_4)
FN:69,(anonymous_5)
FN:70,(anonymous_6)
FN:71,(anonymous_7)
FN:75,toReportRow
FNF:9
FNH:9
FNDA:48,escapeCsv
FNDA:4,generateCsv
FNDA:3,(anonymous_2)
FNDA:1,computeSummary
FNDA:5,(anonymous_4)
FNDA:5,(anonymous_5)
FNDA:5,(anonymous_6)
FNDA:5,(anonymous_7)
FNDA:8,toReportRow
DA:3,1
DA:15,48
DA:16,32
DA:17,32
DA:18,1
DA:20,31
DA:42,1
DA:43,4
DA:44,4
DA:63,4
DA:66,1
DA:67,1
DA:68,5
DA:69,5
DA:70,5
DA:71,5
DA:75,1
DA:93,8
LF:18
LH:18
BRDA:15,0,0,16
BRDA:15,1,0,48
BRDA:15,1,1,39
BRDA:17,2,0,1
BRDA:17,3,0,32
BRDA:17,3,1,31
BRDA:17,3,2,31
BRF:7
BRH:7
end_of_record
